This is pdfTeX, Version 3.14159265-2.6-1.40.21 (MiKTeX 20.10) (preloaded format=pdflatex 2020.10.25)  15 MAR 2022 13:53
entering extended mode
**"C:/Users/jcg59/OneDrive/Desktop/Calebs Files/Calebs Files/revstudyASV.tex"
("C:/Users/jcg59/OneDrive/Desktop/Calebs Files/Calebs Files/revstudyASV.tex"
LaTeX2e <2020-10-01> patch level 1
L3 programming layer <2020-10-05> xparse <2020-03-03>
(C:\Users\jcg59\AppData\Roaming\MiKTeX\tex/latex/memoir\memoir.cls
Document Class: memoir 2020/10/04 v3.7n configurable book, report, article docu
ment class
\onelineskip=\skip47
\lxvchars=\skip48
\xlvchars=\skip49
\@memcnta=\count175
\c@@memmarkcntra=\count176
("C:\Program Files\MiKTeX\tex/generic/iftex\iftex.sty"
Package: iftex 2020/03/06 v1.0d TeX engine tests
)
\stockheight=\skip50
\stockwidth=\skip51
\trimtop=\skip52
\trimedge=\skip53

(C:\Users\jcg59\AppData\Roaming\MiKTeX\tex/latex/memoir\mem12.clo
File: mem12.clo 2010/10/19 v0.4b memoir class 12pt size option
)
\binding=\skip54
\spinemargin=\skip55
\foremargin=\skip56
\uppermargin=\skip57
\lowermargin=\skip58
\headdrop=\skip59
\normalrulethickness=\skip60
\mem@maxheadheight=\skip61
\mem@maxfootheight=\skip62
\headwidth=\skip63
\c@storedpagenumber=\count177
\memPD=\dimen138
\m@mabparskip=\skip64
\thanksmarkwidth=\skip65
\thanksmarksep=\skip66
\droptitle=\skip67
\c@book=\count178
\c@part=\count179
\c@chapter=\count180
\c@section=\count181
\c@subsection=\count182
\c@subsubsection=\count183
\c@paragraph=\count184
\c@subparagraph=\count185
\beforechapskip=\skip68
\midchapskip=\skip69
\afterchapskip=\skip70
\chapindent=\skip71
\bottomsectionskip=\skip72
\secindent=\skip73
\beforesecskip=\skip74
\aftersecskip=\skip75
\subsecindent=\skip76
\beforesubsecskip=\skip77
\aftersubsecskip=\skip78
\subsubsecindent=\skip79
\beforesubsubsecskip=\skip80
\aftersubsubsecskip=\skip81
\paraindent=\skip82
\beforeparaskip=\skip83
\afterparaskip=\skip84
\subparaindent=\skip85
\beforesubparaskip=\skip86
\aftersubparaskip=\skip87
\pfbreakskip=\skip88
\c@@ppsavesec=\count186
\c@@ppsaveapp=\count187
\ragrparindent=\dimen139
\everylistparindent=\dimen140
\parsepi=\skip89
\topsepi=\skip90
\itemsepi=\skip91
\parsepii=\skip92
\topsepii=\skip93
\topsepiii=\skip94
\itemsepii=\skip95
\itemsepiii=\skip96
\partopsepii=\skip97
\partopsepiii=\skip98
\m@msavetopsep=\skip99
\m@msavepartopsep=\skip100
\@enLab=\toks15
\abstitleskip=\skip101
\absleftindent=\skip102
\abs@leftindent=\dimen141
\absrightindent=\skip103
\absparindent=\skip104
\absparsep=\skip105
\c@vslineno=\count188
\c@poemline=\count189
\c@modulo@vs=\count190
\c@memfvsline=\count191
\vleftskip=\skip106
\vrightskip=\skip107
\stanzaskip=\skip108
\versewidth=\skip109
\vgap=\skip110
\vindent=\skip111
\vleftmargin=\dimen142
\c@verse=\count192
\c@chrsinstr=\count193
\beforepoemtitleskip=\skip112
\afterpoemtitleskip=\skip113
\c@poem=\count194
\beforePoemTitleskip=\skip114
\midPoemTitleskip=\skip115
\afterPoemTitleskip=\skip116

("C:\Program Files\MiKTeX\tex/latex/tools\array.sty"
Package: array 2019/08/31 v2.4l Tabular extension package (FMi)
\col@sep=\dimen143
\ar@mcellbox=\box47
\extrarowheight=\dimen144
\NC@list=\toks16
\extratabsurround=\skip117
\backup@length=\skip118
\ar@cellbox=\box48
)
("C:\Program Files\MiKTeX\tex/latex/tools\dcolumn.sty"
Package: dcolumn 2014/10/28 v1.06 decimal alignment package (DPC)
)
("C:\Program Files\MiKTeX\tex/latex/tools\delarray.sty"
Package: delarray 2014/10/28 v1.01 array delimiter package (DPC)
)
("C:\Program Files\MiKTeX\tex/latex/tools\tabularx.sty"
Package: tabularx 2020/01/15 v2.11c `tabularx' package (DPC)
\TX@col@width=\dimen145
\TX@old@table=\dimen146
\TX@old@col=\dimen147
\TX@target=\dimen148
\TX@delta=\dimen149
\TX@cols=\count195
\TX@ftn=\toks17
)
\heavyrulewidth=\dimen150
\lightrulewidth=\dimen151
\cmidrulewidth=\dimen152
\belowrulesep=\dimen153
\belowbottomsep=\dimen154
\aboverulesep=\dimen155
\abovetopsep=\dimen156
\cmidrulesep=\dimen157
\cmidrulekern=\dimen158
\defaultaddspace=\dimen159
\@cmidla=\count196
\@cmidlb=\count197
\@aboverulesep=\dimen160
\@belowrulesep=\dimen161
\@thisruleclass=\count198
\@lastruleclass=\count199
\@thisrulewidth=\dimen162
\ctableftskip=\skip119
\ctabrightskip=\skip120
\abovecolumnspenalty=\count266
\@linestogo=\count267
\@cellstogo=\count268
\@cellsincolumn=\count269
\crtok=\toks18
\@mincolumnwidth=\dimen163
\c@newflo@tctr=\count270
\mem@margin@floatbox=\box49
\@contcwidth=\skip121
\@contindw=\skip122
\abovecaptionskip=\skip123
\belowcaptionskip=\skip124
\subfloattopskip=\skip125
\subfloatcapskip=\skip126
\subfloatcaptopadj=\skip127
\subfloatbottomskip=\skip128
\subfloatlabelskip=\skip129
\subfloatcapmargin=\dimen164
\c@@contsubnum=\count271
\m@mscap@capbox=\box50
\m@mscap@fbox=\box51
\sidecapsep=\dimen165
\sidecapwidth=\dimen166
\m@m@tempdima=\dimen167
\m@mscapraise=\dimen168
\sidecapraise=\dimen169
\m@mscapmainwidth=\dimen170
\m@mscaplkern=\dimen171
\beforeepigraphskip=\skip130
\afterepigraphskip=\skip131
\epigraphwidth=\skip132
\epigraphrule=\skip133
LaTeX Info: Redefining \em on input line 7678.
LaTeX Info: Redefining \emph on input line 7686.
\tocentryskip=\skip134
\tocbaseline=\skip135
\cftparskip=\skip136
\cftbeforebookskip=\skip137
\cftbookindent=\dimen172
\cftbooknumwidth=\dimen173
\cftbeforepartskip=\skip138
\cftpartindent=\skip139
\cftpartnumwidth=\skip140
\cftbeforechapterskip=\skip141
\cftchapterindent=\skip142
\cftchapternumwidth=\skip143
\cftbeforesectionskip=\skip144
\cftsectionindent=\skip145
\cftsectionnumwidth=\skip146
\cftbeforesubsectionskip=\skip147
\cftsubsectionindent=\skip148
\cftsubsectionnumwidth=\skip149
\cftbeforesubsubsectionskip=\skip150
\cftsubsubsectionindent=\skip151
\cftsubsubsectionnumwidth=\skip152
\cftbeforeparagraphskip=\skip153
\cftparagraphindent=\skip154
\cftparagraphnumwidth=\skip155
\cftbeforesubparagraphskip=\skip156
\cftsubparagraphindent=\skip157
\cftsubparagraphnumwidth=\skip158
\prechapterprecisshift=\dimen174
\c@maxsecnumdepth=\count272
\bibindent=\dimen175
\bibitemsep=\skip159
\indexcolsep=\skip160
\indexrule=\skip161
\indexmarkstyle=\toks19
\@indexbox=\insert252
\glossarycolsep=\dimen176
\glossaryrule=\dimen177
\sideparvshift=\skip162
\sideins=\insert251
\sidebartopsep=\skip163
\sidebarhsep=\skip164
\sidebarvsep=\skip165
\sidebarwidth=\skip166
\footmarkwidth=\skip167
\footmarksep=\skip168
\footparindent=\skip169
\footinsdim=\skip170
\footinsv@r=\insert250
\@mpfootinsv@r=\insert249
\m@m@k=\count273
\m@m@h=\dimen178
\m@mipn@skip=\skip171
\sidefootins=\insert248
\sidefootadjust=\skip172
\sidefootheight=\skip173
\sidefoothsep=\skip174
\sidefootvsep=\skip175
\sidefootwidth=\skip176
\m@mdownsf=\skip177
\c@sidefootnote=\count274
\sidefootmarkwidth=\skip178
\sidefootmarksep=\skip179
\sidefootparindent=\skip180
\c@pagenote=\count275
\c@pagenoteshadow=\count276
\mem@pn@lastkern=\skip181
\every@verbatim=\toks20
\afterevery@verbatim=\toks21
\verbatim@line=\toks22
\tab@position=\count277
\verbatim@in@stream=\read2
\verbatimindent=\skip182
\verbatim@out=\write3
\bvboxsep=\skip183
\c@memfbvline=\count278
\c@bvlinectr=\count279
\bvnumlength=\skip184
\fb@frw=\dimen179
\fb@frh=\dimen180
\FrameRule=\dimen181
\FrameSep=\dimen182
\c@cp@cntr=\count280
\c@ism@mctr=\count281
\c@xsm@mctr=\count282
\c@csm@mctr=\count283
\c@ksm@mctr=\count284
\c@xksm@mctr=\count285
\c@cksm@mctr=\count286
\c@msm@mctr=\count287
\c@xmsm@mctr=\count288
\c@cmsm@mctr=\count289
\c@bsm@mctr=\count290
\c@workm@mctr=\count291
\c@sheetsequence=\count292
\c@lastsheet=\count293
\c@lastpage=\count294

(C:\Users\jcg59\AppData\Roaming\MiKTeX\tex/latex/textcase\textcase.sty
Package: textcase 2019/09/14 v1.00 Text only upper/lower case changing (DPC)
)
\c@figure=\count295
\c@lofdepth=\count296
\cftbeforefigureskip=\skip185
\cftfigureindent=\skip186
\cftfigurenumwidth=\skip187
\c@table=\count297
\c@lotdepth=\count298
\cftbeforetableskip=\skip188
\cfttableindent=\skip189
\cfttablenumwidth=\skip190
Package abstract [2008/07/23] emulated by memoir.
Package appendix [2008/07/23] emulated by memoir.
Package booktabs [2016/05/16] emulated by memoir.
Package ccaption [2008/07/23] emulated by memoir.
Package changepage [2008/07/23] emulated by memoir.
Package chngcntr [2008/07/23] emulated by memoir.
Package chngpage [2008/07/23] emulated by memoir.
Package crop emulated by memoir.
Package enumerate [2008/07/23] emulated by memoir.
Package epigraph [2008/07/23] emulated by memoir.
Package ifmtarg [2008/07/23] emulated by memoir.
Package index [2008/07/23] emulated by memoir.
Package makeidx [2008/07/23] emulated by memoir.
Package moreverb [2008/07/23] emulated by memoir.
Package mparhack [2008/07/23] emulated by memoir.
Package needspace [2008/07/23] emulated by memoir.
Package newfile [2008/07/23] emulated by memoir.
Package nextpage [2008/07/23] emulated by memoir.
Package pagenote [2008/07/23] emulated by memoir.
Package parskip [2008/07/23] emulated by memoir.
Package patchcmd [2008/07/23] emulated by memoir.
Package setspace [2008/07/23] emulated by memoir.
Package shortvrb [2008/07/23] emulated by memoir.
Package showidx [2008/07/23] emulated by memoir.
Package titleref [2008/07/23] emulated by memoir.
Package titling [2008/07/23] emulated by memoir.
Package tocbibind [2008/07/23] emulated by memoir.
Package tocloft [2008/07/23] emulated by memoir.
Package tocvsec2 [2008/07/23] emulated by memoir.
Package verbatim [2008/07/23] emulated by memoir.
Package verse [2008/07/23] emulated by memoir.
)
(C:\Users\jcg59\AppData\Roaming\MiKTeX\tex/latex/ebgaramond\ebgaramond.sty
Package: ebgaramond 2020/04/12 (Bob Tennent and autoinst) Style file for EB Gar
amond fonts.

("C:\Program Files\MiKTeX\tex/generic/iftex\ifxetex.sty"
Package: ifxetex 2019/10/25 v0.7 ifxetex legacy package. Use iftex instead.
)
("C:\Program Files\MiKTeX\tex/generic/iftex\ifluatex.sty"
Package: ifluatex 2019/10/25 v1.5 ifluatex legacy package. Use iftex instead.
)
("C:\Program Files\MiKTeX\tex/latex/xkeyval\xkeyval.sty"
Package: xkeyval 2014/12/03 v2.7a package option processing (HA)

("C:\Program Files\MiKTeX\tex/generic/xkeyval\xkeyval.tex"
("C:\Program Files\MiKTeX\tex/generic/xkeyval\xkvutils.tex"
\XKV@toks=\toks23
\XKV@tempa@toks=\toks24

("C:\Program Files\MiKTeX\tex/generic/xkeyval\keyval.tex"))
\XKV@depth=\count299
File: xkeyval.tex 2014/12/03 v2.7a key=value parser (HA)
))
("C:\Program Files\MiKTeX\tex/latex/base\textcomp.sty"
Package: textcomp 2020/02/02 v2.0n Standard LaTeX package
)
("C:\Program Files\MiKTeX\tex/latex/base\fontenc.sty"
Package: fontenc 2020/08/10 v2.0s Standard LaTeX package
)
(C:\Users\jcg59\AppData\Roaming\MiKTeX\tex/latex/fontaxes\fontaxes.sty
Package: fontaxes 2020/07/21 v1.0e Font selection axes
LaTeX Info: Redefining \upshape on input line 29.
LaTeX Info: Redefining \itshape on input line 31.
LaTeX Info: Redefining \slshape on input line 33.
LaTeX Info: Redefining \swshape on input line 35.
LaTeX Info: Redefining \scshape on input line 37.
LaTeX Info: Redefining \sscshape on input line 39.
LaTeX Info: Redefining \ulcshape on input line 41.
LaTeX Info: Redefining \textsw on input line 47.
LaTeX Info: Redefining \textssc on input line 48.
LaTeX Info: Redefining \textulc on input line 49.
)
LaTeX Info: Redefining \oldstylenums on input line 179.
LaTeX Info: Redefining \textsw on input line 187.
)
("C:\Program Files\MiKTeX\tex/latex/base\fontenc.sty"
Package: fontenc 2020/08/10 v2.0s Standard LaTeX package
LaTeX Font Info:    Trying to load font information for T1+EBGaramond-OsF on in
put line 112.

(C:\Users\jcg59\AppData\Roaming\MiKTeX\tex/latex/ebgaramond\t1ebgaramond-osf.fd
File: T1EBGaramond-OsF.fd 2019/10/22 (autoinst) Font definitions for T1/EBGaram
ond-OsF.
)
LaTeX Font Info:    Font shape `T1/EBGaramond-OsF/m/n' in size <12> not availab
le
(Font)              Font shape `T1/EBGaramond-OsF/regular/n' tried instead on i
nput line 112.
LaTeX Font Info:    Font shape `T1/EBGaramond-OsF/regular/n' will be
(Font)              scaled to size 12.0pt on input line 112.
) (C:\Users\jcg59\AppData\Roaming\MiKTeX\tex/latex/titlesec\titlesec.sty
Package: titlesec 2019/10/16 v2.13 Sectioning titles
\ttl@box=\box52
\beforetitleunit=\skip191
\aftertitleunit=\skip192
\ttl@plus=\dimen183
\ttl@minus=\dimen184
\ttl@toksa=\toks25
\titlewidth=\dimen185
\titlewidthlast=\dimen186
\titlewidthfirst=\dimen187
)
("C:\Program Files\MiKTeX\tex/latex/xcolor\xcolor.sty"
Package: xcolor 2016/05/11 v2.12 LaTeX color extensions (UK)

("C:\Program Files\MiKTeX\tex/latex/graphics-cfg\color.cfg"
File: color.cfg 2016/01/02 v1.6 sample color configuration
)
Package xcolor Info: Driver file: pdftex.def on input line 225.

("C:\Program Files\MiKTeX\tex/latex/graphics-def\pdftex.def"
File: pdftex.def 2020/10/05 v1.2a Graphics/color driver for pdftex
)
Package xcolor Info: Model `cmy' substituted by `cmy0' on input line 1348.
Package xcolor Info: Model `hsb' substituted by `rgb' on input line 1352.
Package xcolor Info: Model `RGB' extended on input line 1364.
Package xcolor Info: Model `HTML' substituted by `rgb' on input line 1366.
Package xcolor Info: Model `Hsb' substituted by `hsb' on input line 1367.
Package xcolor Info: Model `tHsb' substituted by `hsb' on input line 1368.
Package xcolor Info: Model `HSB' substituted by `hsb' on input line 1369.
Package xcolor Info: Model `Gray' substituted by `gray' on input line 1370.
Package xcolor Info: Model `wave' substituted by `hsb' on input line 1371.
)
("C:\Program Files\MiKTeX\tex/generic/babel\babel.sty"
Package: babel 2020/10/06 3.50 The Babel package

("C:\Program Files\MiKTeX\tex/generic/babel\babel.def"
File: babel.def 2020/10/06 3.50 Babel common definitions
\babel@savecnt=\count300
\U@D=\dimen188
\l@babelnohyphens=\language79

("C:\Program Files\MiKTeX\tex/generic/babel\txtbabel.def")
\bbl@readstream=\read3
)
\bbl@dirlevel=\count301

*************************************
* Local config file bblopts.cfg used
*
("C:\Program Files\MiKTeX\tex/latex/arabi\bblopts.cfg"
File: bblopts.cfg 2005/09/08 v0.1 add Arabic and Farsi to "declared" options of
 babel
)
("C:\Program Files\MiKTeX\tex/latex/babel-english\english.ldf"
Language: english 2017/06/06 v3.3r English support from the babel system
Package babel Info: \l@canadian = using hyphenrules for english
(babel)             (\language0) on input line 102.
Package babel Info: \l@australian = using hyphenrules for ukenglish
(babel)             (\language73) on input line 105.
Package babel Info: \l@newzealand = using hyphenrules for ukenglish
(babel)             (\language73) on input line 108.
))
(C:\Users\jcg59\AppData\Roaming\MiKTeX\tex/latex/lettrine\lettrine.sty
File: lettrine.sty 2020-03-14 v2.23 (Daniel Flipo)

(C:\Users\jcg59\AppData\Roaming\MiKTeX\tex/generic/minifp\minifp.sty
Package: minifp 2013/12/30 v0.96. Macros for real number operations and a stack
-based programing language.
\MFP@loopctr=\count302
)
\c@DefaultLines=\count303
\c@DefaultDepth=\count304
\DefaultFindent=\dimen189
\DefaultNindent=\dimen190
\DefaultSlope=\dimen191
\DiscardVskip=\dimen192
\L@lbox=\box53
\L@tbox=\box54
\c@L@lines=\count305
\c@L@depth=\count306
\L@Pindent=\dimen193
\L@Findent=\dimen194
\L@Nindent=\dimen195
\L@lraise=\dimen196
\L@first=\dimen197
\L@next=\dimen198
\L@slope=\dimen199
\L@height=\dimen256
\L@novskip=\dimen257
\L@target@ht=\dimen258
\L@target@dp=\dimen259
\L@target@tht=\dimen260
\LettrineWidth=\dimen261
\LettrineHeight=\dimen262
\LettrineDepth=\dimen263
\Llist@everypar=\toks26

Loading lettrine.cfg
(C:\Users\jcg59\AppData\Roaming\MiKTeX\tex/latex/lettrine\lettrine.cfg))
("C:\Program Files\MiKTeX\tex/latex/graphics\graphicx.sty"
Package: graphicx 2020/09/09 v1.2b Enhanced LaTeX Graphics (DPC,SPQR)

("C:\Program Files\MiKTeX\tex/latex/graphics\graphics.sty"
Package: graphics 2020/08/30 v1.4c Standard LaTeX Graphics (DPC,SPQR)

("C:\Program Files\MiKTeX\tex/latex/graphics\trig.sty"
Package: trig 2016/01/03 v1.10 sin cos tan (DPC)
)
("C:\Program Files\MiKTeX\tex/latex/graphics-cfg\graphics.cfg"
File: graphics.cfg 2016/06/04 v1.11 sample graphics configuration
)
Package graphics Info: Driver file: pdftex.def on input line 105.
)
\Gin@req@height=\dimen264
\Gin@req@width=\dimen265
)
("C:\Program Files\MiKTeX\tex/latex/tools\afterpage.sty"
Package: afterpage 2014/10/28 v1.08 After-Page Package (DPC)
\AP@output=\toks27
\AP@partial=\box55
\AP@footins=\box56
)
(C:\Users\jcg59\AppData\Roaming\MiKTeX\tex/latex/bibleref\bibleref.sty
Package: bibleref 2020/06/22 1.25 (NLCT and MR)

("C:\Program Files\MiKTeX\tex/latex/base\ifthen.sty"
Package: ifthen 2014/09/29 v1.1c Standard LaTeX ifthen package (DPC)
)
(C:\Users\jcg59\AppData\Roaming\MiKTeX\tex/latex/fmtcount\fmtcount.sty
Package: fmtcount 2020/01/30 v3.07

("C:\Program Files\MiKTeX\tex/latex/etoolbox\etoolbox.sty"
Package: etoolbox 2020/10/05 v2.5k e-TeX tools for LaTeX (JAW)
\etb@tempcnta=\count307
)
(C:\Users\jcg59\AppData\Roaming\MiKTeX\tex/latex/fmtcount\fcprefix.sty
Package: fcprefix 2012/09/28

(C:\Users\jcg59\AppData\Roaming\MiKTeX\tex/latex/fmtcount\fcnumparser.sty
Package: fcnumparser 2017/06/15
\fc@digit@counter=\count308
))
("C:\Program Files\MiKTeX\tex/latex/amsmath\amsgen.sty"
File: amsgen.sty 1999/11/30 v2.0 generic functions
\@emptytoks=\toks28
\ex@=\dimen266
)
\c@padzeroesN=\count309
\fc@tmpcatcode=\count310

(C:\Users\jcg59\AppData\Roaming\MiKTeX\tex/latex/fmtcount\fc-english.def
File: fc-english.def 2016/01/12
)
\@DT@modctr=\count311
\@ordinalctr=\count312
\@orgargctr=\count313
\@strctr=\count314
\@tmpstrctr=\count315
\@DT@loopN=\count316
\@DT@X=\count317


Package fmtcount Warning: \ordinal already defined use \FCordinal instead. on i
nput line 466.

)
\@bv@tmpa=\toks29
\@bv@tmpb=\toks30
) (C:\Users\jcg59\AppData\Roaming\MiKTeX\tex/latex/indextools\indextools.sty
Package: indextools 2015/11/22 v1.5.1 Package for typesetting indices in a sync
hronous mode

(C:\Users\jcg59\AppData\Roaming\MiKTeX\tex/latex/xpatch\xpatch.sty
("C:\Program Files\MiKTeX\tex/latex/l3kernel\expl3.sty"
Package: expl3 2020-10-05 L3 programming layer (loader) 

("C:\Program Files\MiKTeX\tex/latex/l3backend\l3backend-pdftex.def"
File: l3backend-pdftex.def 2020-09-24 L3 backend support: PDF output (pdfTeX)
\l__kernel_color_stack_int=\count318
\l__pdf_internal_box=\box57
))
Package: xpatch 2020/03/25 v0.3a Extending etoolbox patching commands

("C:\Program Files\MiKTeX\tex/latex/l3packages/xparse\xparse.sty"
Package: xparse 2020-10-05 L3 Experimental document command parser

("C:\Program Files\MiKTeX\tex/latex/l3packages/xparse\xparse-generic.tex")))
("C:\Program Files\MiKTeX\tex/latex/tools\multicol.sty"
Package: multicol 2019/12/09 v1.8y multicolumn formatting (FMi)
\c@tracingmulticols=\count319
\mult@box=\box58
\multicol@leftmargin=\dimen267
\c@unbalance=\count320
\c@collectmore=\count321
\doublecol@number=\count322
\multicoltolerance=\count323
\multicolpretolerance=\count324
\full@width=\dimen268
\page@free=\dimen269
\premulticols=\dimen270
\postmulticols=\dimen271
\multicolsep=\skip193
\multicolbaselineskip=\skip194
\partial@page=\box59
\last@line=\box60
\maxbalancingoverflow=\dimen272
\mult@rightbox=\box61
\mult@grightbox=\box62
\mult@gfirstbox=\box63
\mult@firstbox=\box64
\@tempa=\box65
\@tempa=\box66
\@tempa=\box67
\@tempa=\box68
\@tempa=\box69
\@tempa=\box70
\@tempa=\box71
\@tempa=\box72
\@tempa=\box73
\@tempa=\box74
\@tempa=\box75
\@tempa=\box76
\@tempa=\box77
\@tempa=\box78
\@tempa=\box79
\@tempa=\box80
\@tempa=\box81
\@tempa=\box82
\@tempa=\box83
\@tempa=\box84
\@tempa=\box85
\@tempa=\box86
\@tempa=\box87
\@tempa=\box88
\@tempa=\box89
\@tempa=\box90
\@tempa=\box91
\@tempa=\box92
\@tempa=\box93
\@tempa=\box94
\@tempa=\box95
\@tempa=\box96
\@tempa=\box97
\@tempa=\box98
\@tempa=\box99
\@tempa=\box100
\@tempa=\box101
\c@minrows=\count325
\c@columnbadness=\count326
\c@finalcolumnbadness=\count327
\last@try=\dimen273
\multicolovershoot=\dimen274
\multicolundershoot=\dimen275
\mult@nat@firstbox=\box102
\colbreak@box=\box103
\mc@col@check@num=\count328
))
(C:\Users\jcg59\AppData\Roaming\MiKTeX\tex/latex/marginnote\marginnote.sty
Package: marginnote 2018/08/09 v1.4b non floating margin notes for LaTeX
\c@mn@abspage=\count329
)
(C:\Users\jcg59\AppData\Roaming\MiKTeX\tex/latex/comment\comment.sty
\CommentStream=\write4

Excluding comment 'comment')
(C:\Users\jcg59\AppData\Roaming\MiKTeX\tex/latex/eso-pic\eso-pic.sty
Package: eso-pic 2020/09/27 v2.0i eso-pic (RN)

("C:\Program Files\MiKTeX\tex/latex/base\atbegshi-ltx.sty"
Package: atbegshi-ltx 2020/08/17 v1.0a Emulation of the original atbegshi packa
ge
with kernel methods
)
\ESO@tempdima=\dimen276
\ESO@tempdimb=\dimen277
)
(C:\Users\jcg59\AppData\Roaming\MiKTeX\tex/latex/transparent\transparent.sty
Package: transparent 2019/11/29 v1.4 Transparency via pdfTeX's color stack (HO)


(C:\Users\jcg59\AppData\Roaming\MiKTeX\tex/latex/auxhook\auxhook.sty
Package: auxhook 2019-12-17 v1.6 Hooks for auxiliary files (HO)
))
\drop=\skip195
\zzc=\count330
\scr@idxfile=\write5
\openout5 = `scr.idx'.


Writing index file scr.idx
\gen@idxfile=\write6
\openout6 = `gen.idx'.

Writing index file gen.idx
No file revstudyASV.aux.
\openout1 = `revstudyASV.aux'.

LaTeX Font Info:    Checking defaults for OML/cmm/m/it on input line 239.
LaTeX Font Info:    ... okay on input line 239.
LaTeX Font Info:    Checking defaults for OMS/cmsy/m/n on input line 239.
LaTeX Font Info:    ... okay on input line 239.
LaTeX Font Info:    Checking defaults for OT1/cmr/m/n on input line 239.
LaTeX Font Info:    ... okay on input line 239.
LaTeX Font Info:    Checking defaults for T1/cmr/m/n on input line 239.
LaTeX Font Info:    ... okay on input line 239.
LaTeX Font Info:    Checking defaults for TS1/cmr/m/n on input line 239.
LaTeX Font Info:    ... okay on input line 239.
LaTeX Font Info:    Checking defaults for OMX/cmex/m/n on input line 239.
LaTeX Font Info:    ... okay on input line 239.
LaTeX Font Info:    Checking defaults for U/cmr/m/n on input line 239.
LaTeX Font Info:    ... okay on input line 239.
\c@mv@tabular=\count331
\c@mv@boldtabular=\count332
("C:\Program Files\MiKTeX\tex/context/base/mkii\supp-pdf.mkii"
[Loading MPS to PDF converter (version 2006.09.02).]
\scratchcounter=\count333
\scratchdimen=\dimen278
\scratchbox=\box104
\nofMPsegments=\count334
\nofMParguments=\count335
\everyMPshowfont=\toks31
\MPscratchCnt=\count336
\MPscratchDim=\dimen279
\MPnumerator=\count337
\makeMPintoPDFobject=\count338
\everyMPtoPDFconversion=\toks32
) ("C:\Program Files\MiKTeX\tex/latex/epstopdf-pkg\epstopdf-base.sty"
Package: epstopdf-base 2020-01-24 v2.11 Base part for package epstopdf
Package epstopdf-base Info: Redefining graphics rule for `.eps' on input line 4
85.
)
LaTeX Font Info:    Font shape `T1/EBGaramond-OsF/m/n' in size <24.88> not avai
lable
(Font)              Font shape `T1/EBGaramond-OsF/regular/n' tried instead on i
nput line 242.
LaTeX Font Info:    Font shape `T1/EBGaramond-OsF/regular/n' will be
(Font)              scaled to size 24.88pt on input line 242.
LaTeX Font Info:    Font shape `T1/EBGaramond-OsF/b/n' in size <24.88> not avai
lable
(Font)              Font shape `T1/EBGaramond-OsF/bold/n' tried instead on inpu
t line 242.
LaTeX Font Info:    Font shape `T1/EBGaramond-OsF/bold/n' will be
(Font)              scaled to size 24.88pt on input line 242.
LaTeX Font Info:    Font shape `T1/EBGaramond-OsF/m/n' in size <17.28> not avai
lable
(Font)              Font shape `T1/EBGaramond-OsF/regular/n' tried instead on i
nput line 242.
LaTeX Font Info:    Font shape `T1/EBGaramond-OsF/regular/n' will be
(Font)              scaled to size 17.28pt on input line 242.
LaTeX Font Info:    Font shape `T1/EBGaramond-OsF/m/it' in size <17.28> not ava
ilable
(Font)              Font shape `T1/EBGaramond-OsF/regular/it' tried instead on 
input line 242.
LaTeX Font Info:    Font shape `T1/EBGaramond-OsF/regular/it' will be
(Font)              scaled to size 17.28pt on input line 242.

Underfull \hbox (badness 10000) in paragraph at lines 242--242

 []

LaTeX Font Info:    Font shape `T1/EBGaramond-OsF/b/n' in size <12> not availab
le
(Font)              Font shape `T1/EBGaramond-OsF/bold/n' tried instead on inpu
t line 242.
LaTeX Font Info:    Font shape `T1/EBGaramond-OsF/bold/n' will be
(Font)              scaled to size 12.0pt on input line 242.

Underfull \hbox (badness 10000) in paragraph at lines 242--242

 []

[1


{C:/Users/jcg59/AppData/Local/MiKTeX/pdftex/config/pdftex.map}]
LaTeX Font Info:    Trying to load font information for TS1+EBGaramond-OsF on i
nput line 250.

(C:\Users\jcg59\AppData\Roaming\MiKTeX\tex/latex/ebgaramond\ts1ebgaramond-osf.f
d
File: TS1EBGaramond-OsF.fd 2019/10/22 (autoinst) Font definitions for TS1/EBGar
amond-OsF.
)
LaTeX Font Info:    Font shape `TS1/EBGaramond-OsF/m/n' in size <12> not availa
ble
(Font)              Font shape `TS1/EBGaramond-OsF/regular/n' tried instead on 
input line 250.
LaTeX Font Info:    Font shape `TS1/EBGaramond-OsF/regular/n' will be
(Font)              scaled to size 12.0pt on input line 250.

Underfull \hbox (badness 10000) in paragraph at lines 247--264

 []


Underfull \hbox (badness 10000) in paragraph at lines 247--264

 []


Underfull \hbox (badness 10000) in paragraph at lines 247--264

 []


Underfull \hbox (badness 10000) in paragraph at lines 247--264

 []


Underfull \hbox (badness 10000) in paragraph at lines 247--264

 []

[2

] [3


]
<Durer/Dürer_Apocalypse_dragon.jpg, id=15, 328.97906pt x 465.23813pt>
File: Durer/Dürer_Apocalypse_dragon.jpg Graphic file (type jpg)
<use Durer/Dürer_Apocalypse_dragon.jpg>
Package pdftex.def Info: Durer/Dürer_Apocalypse_dragon.jpg  used on input line
 285.
(pdftex.def)             Requested size: 614.36949pt x 795.05434pt.
 [4

 <C:/Users/jcg59/OneDrive/Desktop/Calebs Files/Calebs Files/Durer/Dürer_Apocal
ypse_dragon.jpg>]
No file revstudyASV.toc.
File: Durer/Dürer_Apocalypse_dragon.jpg Graphic file (type jpg)
<use Durer/Dürer_Apocalypse_dragon.jpg>
Package pdftex.def Info: Durer/Dürer_Apocalypse_dragon.jpg  used on input line
 289.
(pdftex.def)             Requested size: 614.36949pt x 795.05434pt.
[5


]
No file revstudyASV.lof.
File: Durer/Dürer_Apocalypse_dragon.jpg Graphic file (type jpg)
<use Durer/Dürer_Apocalypse_dragon.jpg>
Package pdftex.def Info: Durer/Dürer_Apocalypse_dragon.jpg  used on input line
 291.
(pdftex.def)             Requested size: 614.36949pt x 795.05434pt.
[6

] [7


]
<Durer/Durer-candlesticks.png, id=29, 1145.78062pt x 1576.38937pt>
File: Durer/Durer-candlesticks.png Graphic file (type png)
<use Durer/Durer-candlesticks.png>
Package pdftex.def Info: Durer/Durer-candlesticks.png  used on input line 294.
(pdftex.def)             Requested size: 401.02922pt x 551.74455pt.

Overfull \hbox (18.02922pt too wide) in paragraph at lines 294--294
 [][] 
 []


LaTeX Warning: Float too large for page by 35.69453pt on input line 294.

[8 <C:/Users/jcg59/OneDrive/Desktop/Calebs Files/Calebs Files/Durer/Durer-candl
esticks.png>]
LaTeX Font Info:    Font shape `T1/EBGaramond-OsF/m/sc' in size <12> not availa
ble
(Font)              Font shape `T1/EBGaramond-OsF/regular/sc' tried instead on 
input line 299.
LaTeX Font Info:    Font shape `T1/EBGaramond-OsF/regular/sc' will be
(Font)              scaled to size 12.0pt on input line 299.
LaTeX Font Info:    Font shape `T1/EBGaramond-OsF/m/n' in size <48.894> not ava
ilable
(Font)              Font shape `T1/EBGaramond-OsF/regular/n' tried instead on i
nput line 299.
LaTeX Font Info:    Font shape `T1/EBGaramond-OsF/regular/n' will be
(Font)              scaled to size 48.894pt on input line 299.
LaTeX Font Info:    Font shape `T1/EBGaramond-OsF/m/n' in size <69.60022> not a
vailable
(Font)              Font shape `T1/EBGaramond-OsF/regular/n' tried instead on i
nput line 299.
LaTeX Font Info:    Font shape `T1/EBGaramond-OsF/regular/n' will be
(Font)              scaled to size 69.60022pt on input line 299.
Package lettrine.sty Info: Targeted height = 48.894pt
(lettrine.sty)             (for loversize=0, accent excluded),
(lettrine.sty)             Lettrine height = 48.8941pt (\leavevmode{\color {red
}T});
(lettrine.sty)             reported on input line 299.
LaTeX Font Info:    External font `cmex10' loaded for size
(Font)              <12> on input line 301.
LaTeX Font Info:    External font `cmex10' loaded for size
(Font)              <8> on input line 301.
LaTeX Font Info:    External font `cmex10' loaded for size
(Font)              <6> on input line 301.
LaTeX Font Info:    Font shape `T1/EBGaramond-OsF/m/n' in size <8> not availabl
e
(Font)              Font shape `T1/EBGaramond-OsF/regular/n' tried instead on i
nput line 301.
LaTeX Font Info:    Font shape `T1/EBGaramond-OsF/regular/n' will be
(Font)              scaled to size 8.0pt on input line 301.
LaTeX Font Info:    Font shape `T1/EBGaramond-OsF/m/n' in size <10> not availab
le
(Font)              Font shape `T1/EBGaramond-OsF/regular/n' tried instead on i
nput line 301.
LaTeX Font Info:    Font shape `T1/EBGaramond-OsF/regular/n' will be
(Font)              scaled to size 10.0pt on input line 301.
LaTeX Font Info:    External font `cmex10' loaded for size
(Font)              <7> on input line 301.
LaTeX Font Info:    External font `cmex10' loaded for size
(Font)              <5> on input line 301.
LaTeX Font Info:    Font shape `T1/EBGaramond-OsF/m/n' in size <7> not availabl
e
(Font)              Font shape `T1/EBGaramond-OsF/regular/n' tried instead on i
nput line 301.
LaTeX Font Info:    Font shape `T1/EBGaramond-OsF/regular/n' will be
(Font)              scaled to size 7.0pt on input line 301.
LaTeX Font Info:    Font shape `T1/EBGaramond-OsF/b/n' in size <10> not availab
le
(Font)              Font shape `T1/EBGaramond-OsF/bold/n' tried instead on inpu
t line 301.
LaTeX Font Info:    Font shape `T1/EBGaramond-OsF/bold/n' will be
(Font)              scaled to size 10.0pt on input line 301.
 [1



]
LaTeX Font Info:    Font shape `T1/EBGaramond-OsF/m/it' in size <12> not availa
ble
(Font)              Font shape `T1/EBGaramond-OsF/regular/it' tried instead on 
input line 336.
LaTeX Font Info:    Font shape `T1/EBGaramond-OsF/regular/it' will be
(Font)              scaled to size 12.0pt on input line 336.
LaTeX Font Info:    Font shape `T1/EBGaramond-OsF/m/sl' in size <12> not availa
ble
(Font)              Font shape `T1/EBGaramond-OsF/regular/sl' tried instead on 
input line 362.
LaTeX Font Info:    Font shape `T1/EBGaramond-OsF/regular/sl' in size <12> not 
available
(Font)              Font shape `T1/EBGaramond-OsF/regular/it' tried instead on 
input line 362.
LaTeX Font Info:    Font shape `T1/EBGaramond-OsF/regular/it' will be
(Font)              scaled to size 12.0pt on input line 362.
 [2]
Underfull \vbox (badness 1092) has occurred while \output is active []

 [3]
[4]
LaTeX Font Info:    Font shape `T1/EBGaramond-OsF/m/n' in size <14.4> not avail
able
(Font)              Font shape `T1/EBGaramond-OsF/regular/n' tried instead on i
nput line 403.
LaTeX Font Info:    Font shape `T1/EBGaramond-OsF/regular/n' will be
(Font)              scaled to size 14.4pt on input line 403.
LaTeX Font Info:    Font shape `T1/EBGaramond-OsF/b/n' in size <14.4> not avail
able
(Font)              Font shape `T1/EBGaramond-OsF/bold/n' tried instead on inpu
t line 403.
LaTeX Font Info:    Font shape `T1/EBGaramond-OsF/bold/n' will be
(Font)              scaled to size 14.4pt on input line 403.
LaTeX Font Info:    Font shape `T1/EBGaramond-OsF/m/n' in size <34.394> not ava
ilable
(Font)              Font shape `T1/EBGaramond-OsF/regular/n' tried instead on i
nput line 404.
LaTeX Font Info:    Font shape `T1/EBGaramond-OsF/regular/n' will be
(Font)              scaled to size 34.394pt on input line 404.
LaTeX Font Info:    Font shape `T1/EBGaramond-OsF/m/n' in size <48.95958> not a
vailable
(Font)              Font shape `T1/EBGaramond-OsF/regular/n' tried instead on i
nput line 404.
LaTeX Font Info:    Font shape `T1/EBGaramond-OsF/regular/n' will be
(Font)              scaled to size 48.95958pt on input line 404.
Package lettrine.sty Info: Targeted height = 34.394pt
(lettrine.sty)             (for loversize=0, accent excluded),
(lettrine.sty)             Lettrine height = 34.39407pt (\leavevmode{\color {re
d}T});
(lettrine.sty)             reported on input line 404.

Underfull \vbox (badness 2181) has occurred while \output is active []

 [5

]

Class memoir Warning: The material used in the headers is too large
(28.99998pt) for the given head height (14.5pt), it is recommended to
either increase the head height or redesign the header
(in both cases you will find help in the memoir manual). on input line 453.


Overfull \vbox (14.49998pt too high) has occurred while \output is active []


[6] [7]
Overfull \vbox (14.49998pt too high) has occurred while \output is active []


[8]
Overfull \hbox (5.2899pt too wide) in paragraph at lines 475--475
|[]\T1/EBGaramond-OsF/bold/n/24.88 Letters to Sardis, Philadel-phia &
 []

Package lettrine.sty Info: Targeted height = 34.394pt
(lettrine.sty)             (for loversize=0, accent excluded),
(lettrine.sty)             Lettrine height = 32.91797pt (\leavevmode{\color {re
d}A});
(lettrine.sty)             reported on input line 477.
[9

] [10] [11]
<Durer/Dürer_-_Saint_John_before_God_and_the_Elders.jpg, id=69, 1633.60312pt x
 2258.4375pt>
File: Durer/Dürer_-_Saint_John_before_God_and_the_Elders.jpg Graphic file (typ
e jpg)
<use Durer/Dürer_-_Saint_John_before_God_and_the_Elders.jpg>
Package pdftex.def Info: Durer/Dürer_-_Saint_John_before_God_and_the_Elders.jp
g  used on input line 532.
(pdftex.def)             Requested size: 408.39978pt x 564.608pt.

Overfull \hbox (25.39978pt too wide) in paragraph at lines 532--532
 [][] 
 []


LaTeX Warning: Float too large for page by 48.55798pt on input line 532.

[12 <C:/Users/jcg59/OneDrive/Desktop/Calebs Files/Calebs Files/Durer/Dürer_-_S
aint_John_before_God_and_the_Elders.jpg>]
Package lettrine.sty Info: Targeted height = 34.394pt
(lettrine.sty)             (for loversize=0, accent excluded),
(lettrine.sty)             Lettrine height = 32.91797pt (\leavevmode{\color {re
d}A});
(lettrine.sty)             reported on input line 534.
 [13


] [14]
Package lettrine.sty Info: Targeted height = 34.394pt
(lettrine.sty)             (for loversize=0, accent excluded),
(lettrine.sty)             Lettrine height = 32.91797pt (\leavevmode{\color {re
d}A});
(lettrine.sty)             reported on input line 580.
 [15

]
Underfull \hbox (badness 1728) in paragraph at lines 618--618
[][] [][]\T1/EBGaramond-OsF/bold/n/10 Daniel 7:9--10[] \T1/EBGaramond-OsF/regul
ar/n/10 I be-held till thrones were placed, and one that was an-cient of days d
id
 []

[16] [17

]
<Durer/Durer_Revelation_Four_Riders.jpg, id=89, 1997.96437pt x 2756.79938pt>
File: Durer/Durer_Revelation_Four_Riders.jpg Graphic file (type jpg)
<use Durer/Durer_Revelation_Four_Riders.jpg>
Package pdftex.def Info: Durer/Durer_Revelation_Four_Riders.jpg  used on input 
line 630.
(pdftex.def)             Requested size: 399.5858pt x 551.35011pt.

Overfull \hbox (16.5858pt too wide) in paragraph at lines 630--630
 [][] 
 []


LaTeX Warning: Float too large for page by 35.3001pt on input line 630.

[18 <C:/Users/jcg59/OneDrive/Desktop/Calebs Files/Calebs Files/Durer/Durer_Reve
lation_Four_Riders.jpg>]
Package lettrine.sty Info: Targeted height = 34.394pt
(lettrine.sty)             (for loversize=0, accent excluded),
(lettrine.sty)             Lettrine height = 32.91797pt (\leavevmode{\color {re
d}A});
(lettrine.sty)             reported on input line 633.
 [19


] [20] [21]
<Durer/Durer_Sixth_Seal.jpg, id=102, 1302.36563pt x 1807.5028pt>
File: Durer/Durer_Sixth_Seal.jpg Graphic file (type jpg)
<use Durer/Durer_Sixth_Seal.jpg>
Package pdftex.def Info: Durer/Durer_Sixth_Seal.jpg  used on input line 693.
(pdftex.def)             Requested size: 390.7127pt x 542.25504pt.

Overfull \hbox (7.7127pt too wide) in paragraph at lines 693--693
 [][] 
 []


LaTeX Warning: Float too large for page by 26.20502pt on input line 693.

[22] [23 <C:/Users/jcg59/OneDrive/Desktop/Calebs Files/Calebs Files/Durer/Durer
_Sixth_Seal.jpg>]
<Durer/Durer_4_Angels_Winds.jpg, id=110, 2035.605pt x 2771.10281pt>
File: Durer/Durer_4_Angels_Winds.jpg Graphic file (type jpg)
<use Durer/Durer_4_Angels_Winds.jpg>
Package pdftex.def Info: Durer/Durer_4_Angels_Winds.jpg  used on input line 695
.
(pdftex.def)             Requested size: 407.11378pt x 554.21075pt.

Overfull \hbox (24.11378pt too wide) in paragraph at lines 695--695
 [][] 
 []


LaTeX Warning: Float too large for page by 38.16074pt on input line 695.

[24 <C:/Users/jcg59/OneDrive/Desktop/Calebs Files/Calebs Files/Durer/Durer_4_An
gels_Winds.jpg>]
! TeX capacity exceeded, sorry [input stack size=5000].
<to be read again> 
                   \c@figure 
l.696 \chapter{A Multitude from the Tribulation}
                                                
If you really absolutely need more capacity,
you can ask a wizard to enlarge me.

 
Here is how much of TeX's memory you used:
 9372 strings out of 480236
 137445 string characters out of 2890393
 492668 words of memory out of 3000000
 25772 multiletter control sequences out of 15000+200000
 647073 words of font info for 72 fonts, out of 3000000 for 9000
 1141 hyphenation exceptions out of 8191
 5000i,12n,78p,664b,313s stack positions out of 5000i,500n,10000p,200000b,50000s
!  ==> Fatal error occurred, no output PDF file produced!
